<?xml version="1.0" encoding="UTF-8"?>
<robot generator="Robot 3.2.1 (Python 3.6.9 on linux)" generated="20210925 14:33:03.807" rpa="false">
<suite id="s1" name="Ui Tests" source="/tmp/robot_dockercompose_jenkins/test/ui_tests.robot">
<test id="s1-t1" name="Verify Successful Login to OrangeHRM">
<kw name="Open Browser With Parameter" library="Common">
<kw name="Evaluate" library="BuiltIn">
<doc>Evaluates the given expression in Python and returns the result.</doc>
<arguments>
<arg>sys.modules['selenium.webdriver'].${browser}Options()</arg>
<arg>sys, selenium.webdriver</arg>
</arguments>
<assign>
<var>${browser_options}</var>
</assign>
<msg timestamp="20210925 14:33:03.940" level="INFO">${browser_options} = &lt;selenium.webdriver.chrome.options.Options object at 0x7f7e4f6a97f0&gt;</msg>
<status status="PASS" starttime="20210925 14:33:03.939" endtime="20210925 14:33:03.940"></status>
</kw>
<kw name="Call Method" library="BuiltIn">
<doc>Calls the named method of the given object with the provided arguments.</doc>
<arguments>
<arg>${browser_options}</arg>
<arg>to_capabilities</arg>
</arguments>
<assign>
<var>${options}</var>
</assign>
<msg timestamp="20210925 14:33:03.940" level="INFO">${options} = {'browserName': 'chrome', 'version': '', 'platform': 'ANY', 'goog:chromeOptions': {'extensions': [], 'args': []}}</msg>
<status status="PASS" starttime="20210925 14:33:03.940" endtime="20210925 14:33:03.940"></status>
</kw>
<kw name="Open Browser" library="SeleniumLibrary">
<doc>Opens a new browser instance to the optional ``url``.</doc>
<arguments>
<arg>${URL}</arg>
<arg>browser=${browser}</arg>
<arg>remote_url=http://selenium-hub:4444/wd/hub</arg>
<arg>desired_capabilities=${options}</arg>
</arguments>
<msg timestamp="20210925 14:33:03.941" level="INFO">Opening browser 'Chrome' to base url 'https://opensource-demo.orangehrmlive.com/' through remote server at 'http://selenium-hub:4444/wd/hub'.</msg>
<status status="PASS" starttime="20210925 14:33:03.940" endtime="20210925 14:33:07.215"></status>
</kw>
<kw name="Maximize Browser Window" library="SeleniumLibrary">
<doc>Maximizes current browser window.</doc>
<status status="PASS" starttime="20210925 14:33:07.215" endtime="20210925 14:33:07.330"></status>
</kw>
<kw name="Set Selenium Speed" library="SeleniumLibrary">
<doc>Sets the delay that is waited after each Selenium command.</doc>
<arguments>
<arg>${DELAY}</arg>
</arguments>
<status status="PASS" starttime="20210925 14:33:07.330" endtime="20210925 14:33:07.330"></status>
</kw>
<kw name="Wait Until Element Is Visible" library="SeleniumLibrary">
<doc>Waits until the element ``locator`` is visible.</doc>
<arguments>
<arg>${LoginUsernameInputBox}</arg>
<arg>timeout=5</arg>
</arguments>
<status status="PASS" starttime="20210925 14:33:07.331" endtime="20210925 14:33:07.373"></status>
</kw>
<status status="PASS" starttime="20210925 14:33:03.939" endtime="20210925 14:33:07.373"></status>
</kw>
<kw name="Input Username" library="LoginPage">
<kw name="Input Text" library="SeleniumLibrary">
<doc>Types the given ``text`` into the text field identified by ``locator``.</doc>
<arguments>
<arg>${LoginUsernameInputBox}</arg>
<arg>${Username}</arg>
</arguments>
<msg timestamp="20210925 14:33:07.374" level="INFO">Typing text 'Admin' into text field 'id:txtUsername'.</msg>
<status status="PASS" starttime="20210925 14:33:07.374" endtime="20210925 14:33:07.476"></status>
</kw>
<status status="PASS" starttime="20210925 14:33:07.374" endtime="20210925 14:33:07.476"></status>
</kw>
<kw name="Input Password" library="LoginPage">
<kw name="Input Text" library="SeleniumLibrary">
<doc>Types the given ``text`` into the text field identified by ``locator``.</doc>
<arguments>
<arg>${LoginPasswordInputBox}</arg>
<arg>${Password}</arg>
</arguments>
<msg timestamp="20210925 14:33:07.477" level="INFO">Typing text 'admin123' into text field 'id:txtPassword'.</msg>
<status status="PASS" starttime="20210925 14:33:07.477" endtime="20210925 14:33:07.577"></status>
</kw>
<status status="PASS" starttime="20210925 14:33:07.476" endtime="20210925 14:33:07.578"></status>
</kw>
<kw name="Click Login" library="LoginPage">
<kw name="Click Element" library="SeleniumLibrary">
<doc>Click the element identified by ``locator``.</doc>
<arguments>
<arg>${LoginButton}</arg>
</arguments>
<msg timestamp="20210925 14:33:07.578" level="INFO">Clicking element 'id:btnLogin'.</msg>
<status status="PASS" starttime="20210925 14:33:07.578" endtime="20210925 14:33:09.998"></status>
</kw>
<status status="PASS" starttime="20210925 14:33:07.578" endtime="20210925 14:33:09.998"></status>
</kw>
<kw name="Verify Welcome Text is Visible" library="HomePage">
<kw name="Element Should Be Visible" library="SeleniumLibrary">
<doc>Verifies that the element identified by ``locator`` is visible.</doc>
<arguments>
<arg>${WelcomeText}</arg>
<arg>timeout=5</arg>
</arguments>
<msg timestamp="20210925 14:33:10.042" level="INFO">Element 'id:welcome' is displayed.</msg>
<status status="PASS" starttime="20210925 14:33:09.998" endtime="20210925 14:33:10.042"></status>
</kw>
<status status="PASS" starttime="20210925 14:33:09.998" endtime="20210925 14:33:10.043"></status>
</kw>
<kw name="Logout" library="HomePage">
<kw name="Click Element" library="SeleniumLibrary">
<doc>Click the element identified by ``locator``.</doc>
<arguments>
<arg>${WelcomeText}</arg>
</arguments>
<msg timestamp="20210925 14:33:10.043" level="INFO">Clicking element 'id:welcome'.</msg>
<status status="PASS" starttime="20210925 14:33:10.043" endtime="20210925 14:33:10.108"></status>
</kw>
<kw name="Wait Until Element Is Visible" library="SeleniumLibrary">
<doc>Waits until the element ``locator`` is visible.</doc>
<arguments>
<arg>${LogoutButton}</arg>
<arg>timeout=5</arg>
</arguments>
<status status="PASS" starttime="20210925 14:33:10.110" endtime="20210925 14:33:10.407"></status>
</kw>
<kw name="Click Element" library="SeleniumLibrary">
<doc>Click the element identified by ``locator``.</doc>
<arguments>
<arg>${LogoutButton}</arg>
</arguments>
<msg timestamp="20210925 14:33:10.408" level="INFO">Clicking element 'css:[href="/index.php/auth/logout"]'.</msg>
<status status="PASS" starttime="20210925 14:33:10.408" endtime="20210925 14:33:10.999"></status>
</kw>
<kw name="Wait Until Element Is Visible" library="SeleniumLibrary">
<doc>Waits until the element ``locator`` is visible.</doc>
<arguments>
<arg>${LoginUsernameInputBox}</arg>
<arg>timeout=5</arg>
</arguments>
<status status="PASS" starttime="20210925 14:33:11.000" endtime="20210925 14:33:11.048"></status>
</kw>
<status status="PASS" starttime="20210925 14:33:10.043" endtime="20210925 14:33:11.048"></status>
</kw>
<kw name="Close Browser" library="SeleniumLibrary" type="teardown">
<doc>Closes the current browser.</doc>
<status status="PASS" starttime="20210925 14:33:11.049" endtime="20210925 14:33:11.110"></status>
</kw>
<doc>This test case verifies that the user is able to successfully Login and Logout to OrangeHRM using Page Object</doc>
<tags>
<tag>Smoke</tag>
</tags>
<status status="PASS" starttime="20210925 14:33:03.938" endtime="20210925 14:33:11.110" critical="yes"></status>
</test>
<test id="s1-t2" name="Search Movie">
<kw name="Open Browser With Parameter" library="Common">
<kw name="Evaluate" library="BuiltIn">
<doc>Evaluates the given expression in Python and returns the result.</doc>
<arguments>
<arg>sys.modules['selenium.webdriver'].${browser}Options()</arg>
<arg>sys, selenium.webdriver</arg>
</arguments>
<assign>
<var>${browser_options}</var>
</assign>
<msg timestamp="20210925 14:33:11.115" level="INFO">${browser_options} = &lt;selenium.webdriver.chrome.options.Options object at 0x7f7e4f5f71d0&gt;</msg>
<status status="PASS" starttime="20210925 14:33:11.114" endtime="20210925 14:33:11.115"></status>
</kw>
<kw name="Call Method" library="BuiltIn">
<doc>Calls the named method of the given object with the provided arguments.</doc>
<arguments>
<arg>${browser_options}</arg>
<arg>to_capabilities</arg>
</arguments>
<assign>
<var>${options}</var>
</assign>
<msg timestamp="20210925 14:33:11.115" level="INFO">${options} = {'browserName': 'chrome', 'version': '', 'platform': 'ANY', 'goog:chromeOptions': {'extensions': [], 'args': []}}</msg>
<status status="PASS" starttime="20210925 14:33:11.115" endtime="20210925 14:33:11.115"></status>
</kw>
<kw name="Open Browser" library="SeleniumLibrary">
<doc>Opens a new browser instance to the optional ``url``.</doc>
<arguments>
<arg>${URL}</arg>
<arg>browser=${browser}</arg>
<arg>remote_url=http://selenium-hub:4444/wd/hub</arg>
<arg>desired_capabilities=${options}</arg>
</arguments>
<msg timestamp="20210925 14:33:11.116" level="INFO">Opening browser 'Chrome' to base url 'https://opensource-demo.orangehrmlive.com/' through remote server at 'http://selenium-hub:4444/wd/hub'.</msg>
<status status="PASS" starttime="20210925 14:33:11.116" endtime="20210925 14:33:14.747"></status>
</kw>
<kw name="Maximize Browser Window" library="SeleniumLibrary">
<doc>Maximizes current browser window.</doc>
<status status="PASS" starttime="20210925 14:33:14.747" endtime="20210925 14:33:14.861"></status>
</kw>
<kw name="Set Selenium Speed" library="SeleniumLibrary">
<doc>Sets the delay that is waited after each Selenium command.</doc>
<arguments>
<arg>${DELAY}</arg>
</arguments>
<status status="PASS" starttime="20210925 14:33:14.861" endtime="20210925 14:33:14.862"></status>
</kw>
<kw name="Wait Until Element Is Visible" library="SeleniumLibrary">
<doc>Waits until the element ``locator`` is visible.</doc>
<arguments>
<arg>${LoginUsernameInputBox}</arg>
<arg>timeout=5</arg>
</arguments>
<status status="PASS" starttime="20210925 14:33:14.862" endtime="20210925 14:33:14.918"></status>
</kw>
<status status="PASS" starttime="20210925 14:33:11.114" endtime="20210925 14:33:14.918"></status>
</kw>
<kw name="Search Movie">
<arguments>
<arg>${MOVIE_NAME}</arg>
</arguments>
<msg timestamp="20210925 14:33:14.926" level="FAIL">No keyword with name 'Search Movie' found.</msg>
<status status="FAIL" starttime="20210925 14:33:14.926" endtime="20210925 14:33:14.926"></status>
</kw>
<kw name="Close Browser" library="SeleniumLibrary" type="teardown">
<doc>Closes the current browser.</doc>
<status status="PASS" starttime="20210925 14:33:14.927" endtime="20210925 14:33:14.987"></status>
</kw>
<tags>
<tag>webui_demo</tag>
</tags>
<status status="FAIL" starttime="20210925 14:33:11.112" endtime="20210925 14:33:14.988" critical="yes">No keyword with name 'Search Movie' found.</status>
</test>
<doc>Page Object in Robot Framework</doc>
<status status="FAIL" starttime="20210925 14:33:03.808" endtime="20210925 14:33:14.992"></status>
</suite>
<statistics>
<total>
<stat pass="1" fail="1">Critical Tests</stat>
<stat pass="1" fail="1">All Tests</stat>
</total>
<tag>
<stat pass="1" fail="0">Smoke</stat>
<stat pass="0" fail="1">webui_demo</stat>
</tag>
<suite>
<stat pass="1" fail="1" id="s1" name="Ui Tests">Ui Tests</stat>
</suite>
</statistics>
<errors>
</errors>
</robot>
