<?xml version="1.0" encoding="UTF-8"?>
<robot generator="Robot 3.2.1 (Python 3.6.9 on linux)" generated="20210925 08:16:52.249" rpa="false">
<suite id="s1" name="Webui Demo" source="/tmp/robot_dockercompose_jenkins/test/webui_demo.robot">
<test id="s1-t1" name="Search Movie">
<kw name="Open Browser To IMDB" library="resource">
<kw name="Evaluate" library="BuiltIn">
<doc>Evaluates the given expression in Python and returns the result.</doc>
<arguments>
<arg>sys.modules['selenium.webdriver'].${browser}Options()</arg>
<arg>sys, selenium.webdriver</arg>
</arguments>
<assign>
<var>${browser_options}</var>
</assign>
<msg timestamp="20210925 08:16:52.395" level="INFO">${browser_options} = &lt;selenium.webdriver.chrome.options.Options object at 0x7f9fd0464128&gt;</msg>
<status status="PASS" starttime="20210925 08:16:52.395" endtime="20210925 08:16:52.395"></status>
</kw>
<kw name="Call Method" library="BuiltIn">
<doc>Calls the named method of the given object with the provided arguments.</doc>
<arguments>
<arg>${browser_options}</arg>
<arg>to_capabilities</arg>
</arguments>
<assign>
<var>${options}</var>
</assign>
<msg timestamp="20210925 08:16:52.396" level="INFO">${options} = {'browserName': 'chrome', 'version': '', 'platform': 'ANY', 'goog:chromeOptions': {'extensions': [], 'args': []}}</msg>
<status status="PASS" starttime="20210925 08:16:52.395" endtime="20210925 08:16:52.396"></status>
</kw>
<kw name="Open Browser" library="SeleniumLibrary">
<doc>Opens a new browser instance to the optional ``url``.</doc>
<arguments>
<arg>${URL}</arg>
<arg>browser=${browser}</arg>
<arg>remote_url=http://selenium-hub:4444/wd/hub</arg>
<arg>desired_capabilities=${options}</arg>
</arguments>
<msg timestamp="20210925 08:16:52.396" level="INFO">Opening browser 'Chrome' to base url 'https://www.imdb.com/' through remote server at 'http://selenium-hub:4444/wd/hub'.</msg>
<status status="PASS" starttime="20210925 08:16:52.396" endtime="20210925 08:16:57.613"></status>
</kw>
<kw name="Maximize Browser Window" library="SeleniumLibrary">
<doc>Maximizes current browser window.</doc>
<status status="PASS" starttime="20210925 08:16:57.614" endtime="20210925 08:16:57.755"></status>
</kw>
<kw name="Set Selenium Speed" library="SeleniumLibrary">
<doc>Sets the delay that is waited after each Selenium command.</doc>
<arguments>
<arg>${DELAY}</arg>
</arguments>
<status status="PASS" starttime="20210925 08:16:57.756" endtime="20210925 08:16:57.756"></status>
</kw>
<status status="PASS" starttime="20210925 08:16:52.394" endtime="20210925 08:16:57.756"></status>
</kw>
<kw name="Search Movie" library="resource">
<arguments>
<arg>${MOVIE_NAME}</arg>
</arguments>
<kw name="Input Text" library="SeleniumLibrary">
<doc>Types the given ``text`` into the text field identified by ``locator``.</doc>
<arguments>
<arg>id=suggestion-search</arg>
<arg>${movie}</arg>
</arguments>
<msg timestamp="20210925 08:16:57.758" level="INFO">Typing text 'matrix' into text field 'id=suggestion-search'.</msg>
<status status="PASS" starttime="20210925 08:16:57.757" endtime="20210925 08:16:58.073"></status>
</kw>
<kw name="Click Button" library="SeleniumLibrary">
<doc>Clicks the button identified by ``locator``.</doc>
<arguments>
<arg>id=suggestion-search-button</arg>
</arguments>
<msg timestamp="20210925 08:16:58.074" level="INFO">Clicking button 'id=suggestion-search-button'.</msg>
<status status="PASS" starttime="20210925 08:16:58.073" endtime="20210925 08:17:00.720"></status>
</kw>
<kw name="Page Should Contain" library="SeleniumLibrary">
<doc>Verifies that current page contains ``text``.</doc>
<arguments>
<arg>Results for "${movie}"</arg>
</arguments>
<msg timestamp="20210925 08:17:00.753" level="INFO">Current page contains text 'Results for "matrix"'.</msg>
<status status="PASS" starttime="20210925 08:17:00.720" endtime="20210925 08:17:00.753"></status>
</kw>
<status status="PASS" starttime="20210925 08:16:57.757" endtime="20210925 08:17:00.753"></status>
</kw>
<kw name="Close Browser" library="SeleniumLibrary" type="teardown">
<doc>Closes the current browser.</doc>
<status status="PASS" starttime="20210925 08:17:00.754" endtime="20210925 08:17:00.820"></status>
</kw>
<tags>
<tag>webui_demo</tag>
</tags>
<status status="PASS" starttime="20210925 08:16:52.393" endtime="20210925 08:17:00.820" critical="yes"></status>
</test>
<doc>A test suite with a single test for searching a movie on IMDB website

This test has a workflow that is created using keywords in
the imported resource file.</doc>
<status status="PASS" starttime="20210925 08:16:52.250" endtime="20210925 08:17:00.822"></status>
</suite>
<statistics>
<total>
<stat pass="1" fail="0">Critical Tests</stat>
<stat pass="1" fail="0">All Tests</stat>
</total>
<tag>
<stat pass="1" fail="0">webui_demo</stat>
</tag>
<suite>
<stat pass="1" fail="0" id="s1" name="Webui Demo">Webui Demo</stat>
</suite>
</statistics>
<errors>
</errors>
</robot>
